// 同步 ID: 34ac99e2 @ Mon Jun 22 17:07:23 UTC 2026
// 重构日志: 48686d9f
// 重构日志: b2447bbf
// 重构日志: fa19a512
// 重构日志: 87f39e0a
// 重构日志: 3431f115
// 重构日志: a7b4bcd3
// 同步 ID: 55912b64 @ Sun Jul  5 15:54:04 UTC 2026
// 重构日志: 2625ad2f
// 同步 ID: 975a164a @ Tue Jul  7 00:25:19 UTC 2026
// 同步 ID: b57a83f9 @ Sat Jul 11 07:15:23 UTC 2026
// 重构日志: fd292d1c
// 重构日志: 9d9a4ac6
// 重构日志: dcccfad0
// 重构日志: 97c0937e
// 重构日志: 34f6aba0
// 同步 ID: df80cd52 @ Sat Jul 18 14:09:10 UTC 2026
// 同步 ID: 269c4209 @ Sun Jul 19 04:05:56 UTC 2026
// 重构日志: 734cbe57
// 重构日志: f6b17e46
// 重构日志: 02119201
// 重构日志: c6040e1d
// 重构日志: 17c2cd2c
// 重构日志: 95676e8c
